20240215	20:11:39	d1b952c7-fb0c-4b68-a285-d85248f895ad	MulterError: MulterError	PATCH	/api/v1/account/e58dc64a-3ebf-468d-9eda-a1a2e09f25ec?images/account	undefined
20240215	20:11:44	6a5fdebf-9faa-4cf6-b45b-f46e2807b968	MulterError: MulterError	PATCH	/api/v1/account/e58dc64a-3ebf-468d-9eda-a1a2e09f25ec?images/account	undefined
20240215	20:12:29	a8de42f7-f80f-4d69-aea7-22b067f85e3a	MulterError: MulterError	PATCH	/api/v1/account/e58dc64a-3ebf-468d-9eda-a1a2e09f25ec?images/account	undefined
20240215	20:23:58	13794b97-9a99-4fc6-9818-4ca8a331178a	MulterError: MulterError	PATCH	/api/v1/account/e58dc64a-3ebf-468d-9eda-a1a2e09f25ec?images/account	undefined
20240215	20:24:08	aa7cee27-276d-4fbd-b7c3-08bf3268c165	MulterError: MulterError	PATCH	/api/v1/account/e58dc64a-3ebf-468d-9eda-a1a2e09f25ec?images/account	undefined
20240215	20:24:28	cd4c9744-bd6b-467e-b2c3-671a0d7cb38d	MulterError: MulterError	PATCH	/api/v1/account/e58dc64a-3ebf-468d-9eda-a1a2e09f25ec?images/account	undefined
20240215	20:24:29	489a823f-feec-417d-93c6-f6db52ae0850	MulterError: MulterError	PATCH	/api/v1/account/e58dc64a-3ebf-468d-9eda-a1a2e09f25ec?images/account	undefined
20240215	20:24:48	35e9c727-59d3-4a9d-859a-7fab950e24e0	MulterError: MulterError	PATCH	/api/v1/account/e58dc64a-3ebf-468d-9eda-a1a2e09f25ec?images/account	undefined
20240215	20:25:44	e0601edd-e059-40a6-b48c-a3492cefa325	MulterError: MulterError	PATCH	/api/v1/account/e58dc64a-3ebf-468d-9eda-a1a2e09f25ec?images/account	undefined
20240215	20:26:37	0301cf19-b29c-4d6a-80fa-62df5b5b1d3b	MulterError: MulterError	PATCH	/api/v1/account/e58dc64a-3ebf-468d-9eda-a1a2e09f25ec?images/account	undefined
20240215	20:26:55	b979d8bf-b170-4cb1-8762-3388e19ffa52	MulterError: MulterError	PATCH	/api/v1/account/e58dc64a-3ebf-468d-9eda-a1a2e09f25ec?images/account	undefined
20240215	20:27:27	c164ce8e-9889-4996-98a6-e0223e09dc35	MulterError: MulterError	PATCH	/api/v1/account/e58dc64a-3ebf-468d-9eda-a1a2e09f25ec?images/account	undefined
20240215	20:27:35	2191cb14-2d15-4854-ae19-7a8e1b502cd2	MulterError: MulterError	PATCH	/api/v1/account/e58dc64a-3ebf-468d-9eda-a1a2e09f25ec?images/account	undefined
20240215	21:42:18	99b7cbef-82c1-4b74-8f54-912e62f5f1af	Error: Error	PATCH	/api/v1/account/1a1f81ad-54f7-49a4-bc8d-5fab5af46158?destination=%22images/account%22	http://localhost:3000
20240215	21:44:21	d0aa49a9-4b92-40c5-b1ed-98da9275bb65	Error: Error	PATCH	/api/v1/account/1a1f81ad-54f7-49a4-bc8d-5fab5af46158?destination=%22images/account	http://localhost:3000
20240215	21:52:35	bdb0d14c-e7a9-4a65-8d61-b3cc3a798593	Error: Error	PATCH	/api/v1/account/1a1f81ad-54f7-49a4-bc8d-5fab5af46158?destination=%22images/account%22	http://localhost:3000
20240215	21:59:30	001b1f2d-86f2-42cd-8194-161df5c7b068	Error: Error	PATCH	/api/v1/account/1a1f81ad-54f7-49a4-bc8d-5fab5af46158?destination=%22images/account%22	http://localhost:3000
20240215	22:00:37	63af4691-06fd-4cc2-8993-9bd4c7326e11	Error: Error	PATCH	/api/v1/account/1a1f81ad-54f7-49a4-bc8d-5fab5af46158?destination=%22images/account%22	http://localhost:3000
20240216	11:25:26	897230e5-0218-4590-a09e-7f27a6a0e9f0	Error: Error	PATCH	/api/v1/account/1a1f81ad-54f7-49a4-bc8d-5fab5af46158?destination=%22images/account	http://localhost:3000
20240216	11:47:34	8f9bcb2d-1043-45d6-871d-e03fc447cf4d	Error: Error	PATCH	/api/v1/account/1a1f81ad-54f7-49a4-bc8d-5fab5af46158?destination=%22images/account	http://localhost:3000
20240216	11:48:24	2c54df13-e5da-4528-9ed4-7a30c13b3e52	Error: Error	PATCH	/api/v1/account/1a1f81ad-54f7-49a4-bc8d-5fab5af46158?destination=%22images/account	http://localhost:3000
20240216	11:49:51	0c88c4e4-1f41-452b-8a7c-63b43424ffdb	Error: Error	PATCH	/api/v1/account/1a1f81ad-54f7-49a4-bc8d-5fab5af46158?destination=%22images/account	http://localhost:3000
20240216	11:50:33	5d797d32-2808-4d97-b5c6-e4f3749d471a	Error: Error	PATCH	/api/v1/account/1a1f81ad-54f7-49a4-bc8d-5fab5af46158?destination=%22images/account	http://localhost:3000
20240216	11:55:24	3a426197-a39f-4889-aea7-c95641bbaab8	Error: Error	PATCH	/api/v1/account/1a1f81ad-54f7-49a4-bc8d-5fab5af46158?destination=%22images/account	http://localhost:3000
20240216	12:09:34	7b857637-a903-4f1a-8340-0264d122720d	Error: Error	PATCH	/api/v1/account/e58dc64a-3ebf-468d-9eda-a1a2e09f25ec?images/account	undefined
20240216	12:10:40	fa84cf23-5a99-42d8-8ba2-2e2238f118ae	Error: Error	PATCH	/api/v1/account/1a1f81ad-54f7-49a4-bc8d-5fab5af46158?destination=%22images/account	http://localhost:3000
20240216	12:10:43	8402c443-3e25-42c7-88bc-b38fa8c5dd4c	Error: Error	PATCH	/api/v1/account/1a1f81ad-54f7-49a4-bc8d-5fab5af46158?destination=%22images/account	http://localhost:3000
20240216	12:12:13	e6df3193-b64b-45c0-8c9e-b4e6866b265f	Error: Error	PATCH	/api/v1/account/1a1f81ad-54f7-49a4-bc8d-5fab5af46158?destination=%22images/account	http://localhost:3000
20240216	12:12:19	139061f9-e51e-4283-9567-20444bf71722	Error: Error	PATCH	/api/v1/account/1a1f81ad-54f7-49a4-bc8d-5fab5af46158?destination=%22images/account	http://localhost:3000
20240216	12:38:02	59388629-6a26-4922-817e-901ce69e95b3	Error: Error	POST	/api/v1/account/edit/1a1f81ad-54f7-49a4-bc8d-5fab5af46158?destination=%22images/account	http://localhost:3000
20240216	12:41:57	49bbd941-0df7-4f14-ba99-1c5300c6fb1d	Error: Error	POST	/api/v1/account/edit/1a1f81ad-54f7-49a4-bc8d-5fab5af46158?destination=%22images/account	http://localhost:3000
